<?xml version="1.0" encoding="UTF-8"?>
<!-- Generated by org.testng.reporters.JUnitReportReporter -->
<testsuite hostname="LAPTOP-Q1PL3S50" failures="0" tests="1" name="rahulshettyacademy.OneMoreTest" time="15.050" errors="0" timestamp="2024-03-30T20:13:18 IST" skipped="0">
  <testcase classname="rahulshettyacademy.OneMoreTest" name="oneMore" time="15.050"/>
  <system-out/>
</testsuite> <!-- rahulshettyacademy.OneMoreTest -->
