<?xml version="1.0" encoding="UTF-8"?>
<!-- Generated by org.testng.reporters.JUnitReportReporter -->
<testsuite hostname="LAPTOP-Q1PL3S50" failures="0" tests="1" name="rahulshettyacademy.StandAlontTest" time="9.653" errors="0" timestamp="2024-03-30T23:41:01 IST" skipped="0">
  <testcase classname="rahulshettyacademy.StandAlontTest" name="oneMore" time="9.653"/>
  <system-out/>
</testsuite> <!-- rahulshettyacademy.StandAlontTest -->
